<?xml version="1.0" encoding="UTF-8"?>
<!-- Generated by org.testng.reporters.JUnitXMLReporter -->
<testsuite ignored="11" hostname="DESKTOP-0DEQTKC" failures="1" tests="1" name="Default test" time="0.043" errors="0" timestamp="2023-09-02T19:54:00 EDT">
  <testcase classname="testcases.Signuppagetest" name="Tc_signupid" time="0.0">
    <failure type="org.testng.TestNGException" message="
Cannot inject @Test annotated Method [Tc_signupid] with [class java.lang.String].
For more information on native dependency injection please refer to https://testng.org/doc/documentation-main.html#native-dependency-injection">
      <![CDATA[org.testng.TestNGException: 
Cannot inject @Test annotated Method [Tc_signupid] with [class java.lang.String].
For more information on native dependency injection please refer to https://testng.org/doc/documentation-main.html#native-dependency-injection
at org.testng.internal.Parameters.checkParameterTypes(Parameters.java:436)
at org.testng.internal.Parameters.createParametersForMethod(Parameters.java:350)
at org.testng.internal.Parameters.createParameters(Parameters.java:693)
at org.testng.internal.Parameters.handleParameters(Parameters.java:879)
at org.testng.internal.Parameters.handleParameters(Parameters.java:728)
at org.testng.internal.invokers.ParameterHandler.handleParameters(ParameterHandler.java:72)
at org.testng.internal.invokers.ParameterHandler.createParameters(ParameterHandler.java:51)
at org.testng.internal.invokers.TestInvoker$MethodInvocationAgent.invoke(TestInvoker.java:911)
at org.testng.internal.invokers.TestInvoker.invokeTestMethods(TestInvoker.java:200)
at org.testng.internal.invokers.TestMethodWorker.invokeTestMethods(TestMethodWorker.java:148)
at org.testng.internal.invokers.TestMethodWorker.run(TestMethodWorker.java:128)
at java.base/java.util.ArrayList.forEach(ArrayList.java:1511)
at org.testng.TestRunner.privateRun(TestRunner.java:848)
at org.testng.TestRunner.run(TestRunner.java:621)
at org.testng.SuiteRunner.runTest(SuiteRunner.java:443)
at org.testng.SuiteRunner.runSequentially(SuiteRunner.java:437)
at org.testng.SuiteRunner.privateRun(SuiteRunner.java:397)
at org.testng.SuiteRunner.run(SuiteRunner.java:336)
at org.testng.SuiteRunnerWorker.runSuite(SuiteRunnerWorker.java:52)
at org.testng.SuiteRunnerWorker.run(SuiteRunnerWorker.java:95)
at org.testng.TestNG.runSuitesSequentially(TestNG.java:1280)
at org.testng.TestNG.runSuitesLocally(TestNG.java:1200)
at org.testng.TestNG.runSuites(TestNG.java:1114)
at org.testng.TestNG.run(TestNG.java:1082)
at org.testng.remote.AbstractRemoteTestNG.run(AbstractRemoteTestNG.java:115)
at org.testng.remote.RemoteTestNG.initAndRun(RemoteTestNG.java:251)
at org.testng.remote.RemoteTestNG.main(RemoteTestNG.java:77)
]]>
    </failure>
  </testcase> <!-- Tc_signupid -->
  <testcase classname="testcases.Signuppagetest" name="Tc_city" time="0.0">
    <ignored/>
  </testcase> <!-- Tc_city -->
  <testcase classname="testcases.Signuppagetest" name="Tc_companyaddress" time="0.0">
    <ignored/>
  </testcase> <!-- Tc_companyaddress -->
  <testcase classname="testcases.Signuppagetest" name="Tc_confmpasswrd" time="0.0">
    <ignored/>
  </testcase> <!-- Tc_confmpasswrd -->
  <testcase classname="testcases.Signuppagetest" name="Tc_province" time="0.0">
    <ignored/>
  </testcase> <!-- Tc_province -->
  <testcase classname="testcases.Signuppagetest" name="Tc_firstname" time="0.0">
    <ignored/>
  </testcase> <!-- Tc_firstname -->
  <testcase classname="testcases.Signuppagetest" name="Tc_lastname" time="0.0">
    <ignored/>
  </testcase> <!-- Tc_lastname -->
  <testcase classname="testcases.Signuppagetest" name="Tc_organizatn" time="0.0">
    <ignored/>
  </testcase> <!-- Tc_organizatn -->
  <testcase classname="testcases.Signuppagetest" name="Tc_passwrd" time="0.0">
    <ignored/>
  </testcase> <!-- Tc_passwrd -->
  <testcase classname="testcases.Signuppagetest" name="Tc_companyname" time="0.0">
    <ignored/>
  </testcase> <!-- Tc_companyname -->
  <testcase classname="testcases.Signuppagetest" name="Tc_postalcode" time="0.0">
    <ignored/>
  </testcase> <!-- Tc_postalcode -->
  <testcase classname="testcases.Signuppagetest" name="Tc_country" time="0.0">
    <ignored/>
  </testcase> <!-- Tc_country -->
</testsuite> <!-- Default test -->
